<?xml version="1.0" encoding="UTF-8"?>
<!-- Generated by org.testng.reporters.JUnitReportReporter -->
<testsuite hostname="ShesiPC" name="frameWork_8.EndToEndF_New.TestHomeQaclick" tests="2" failures="0" timestamp="19 Apr 2020 17:12:39 GMT" time="37.180" errors="0">
  <testcase name="homeQaclickAccess" time="11.263" classname="frameWork_8.EndToEndF_New.TestHomeQaclick"/>
  <testcase name="loginQaclickAccess" time="25.917" classname="frameWork_8.EndToEndF_New.TestHomeQaclick"/>
</testsuite> <!-- frameWork_8.EndToEndF_New.TestHomeQaclick -->
