<?xml version="1.0" encoding="UTF-8"?>
<!-- Generated by org.testng.reporters.JUnitReportReporter -->
<testsuite hostname="ShesiPC" name="testWithTestngData.TestHomeWithParameterizing" tests="3" failures="0" timestamp="19 Apr 2020 17:12:39 GMT" time="86.978" errors="0">
  <testcase name="loginQaclickAccess" time="23.690" classname="testWithTestngData.TestHomeWithParameterizing"/>
  <testcase name="loginQaclickAccess" time="44.995" classname="testWithTestngData.TestHomeWithParameterizing"/>
  <testcase name="loginQaclickAccess" time="18.293" classname="testWithTestngData.TestHomeWithParameterizing"/>
</testsuite> <!-- testWithTestngData.TestHomeWithParameterizing -->
